c:\users\michael\source\repos\tunnelman\tunnelman\debug\vc142.pdb
c:\users\michael\source\repos\tunnelman\tunnelman\debug\vc142.idb
c:\users\michael\source\repos\tunnelman\tunnelman\debug\studentworld.obj
c:\users\michael\source\repos\tunnelman\tunnelman\debug\main.obj
c:\users\michael\source\repos\tunnelman\tunnelman\debug\gameworld.obj
c:\users\michael\source\repos\tunnelman\tunnelman\debug\gamecontroller.obj
c:\users\michael\source\repos\tunnelman\tunnelman\debug\actor.obj
c:\users\michael\source\repos\tunnelman\debug\tunnelman.exe
c:\users\michael\source\repos\tunnelman\tunnelman\debug\tunnelman.ilk
c:\users\michael\source\repos\tunnelman\debug\tunnelman.pdb
c:\users\michael\desktop\github\tunnelman\code\tunnelman\debug\actor.obj
c:\users\michael\desktop\github\tunnelman\code\tunnelman\debug\gamecontroller.obj
c:\users\michael\desktop\github\tunnelman\code\tunnelman\debug\gameworld.obj
c:\users\michael\desktop\github\tunnelman\code\tunnelman\debug\main.obj
c:\users\michael\desktop\github\tunnelman\code\tunnelman\debug\studentworld.obj
c:\users\michael\desktop\github\tunnelman\code\tunnelman\debug\tunnelman.ilk
c:\users\michael\desktop\github\tunnelman\code\tunnelman\debug\vc142.idb
c:\users\michael\desktop\github\tunnelman\code\tunnelman\debug\vc142.pdb
c:\users\michael\desktop\github\tunnelman\code\debug\tunnelman.pdb
c:\users\michael\desktop\github\tunnelman\code\debug\tunnelman.exe
c:\users\michael\desktop\github\tunnelman\code\tunnelman\debug\tunnelman.tlog\cl.command.1.tlog
c:\users\michael\desktop\github\tunnelman\code\tunnelman\debug\tunnelman.tlog\cl.read.1.tlog
c:\users\michael\desktop\github\tunnelman\code\tunnelman\debug\tunnelman.tlog\cl.write.1.tlog
c:\users\michael\desktop\github\tunnelman\code\tunnelman\debug\tunnelman.tlog\link.command.1.tlog
c:\users\michael\desktop\github\tunnelman\code\tunnelman\debug\tunnelman.tlog\link.read.1.tlog
c:\users\michael\desktop\github\tunnelman\code\tunnelman\debug\tunnelman.tlog\link.write.1.tlog
